<?xml version="1.0" encoding="UTF-8"?>
<!-- Generated by org.testng.reporters.JUnitReportReporter -->
<testsuite hostname="LAPTOP-2KLQ54N0" name="LaunchApplication.LaunchGoogle" tests="1" failures="0" timestamp="23 Oct 2018 10:44:24 GMT" time="1.879" errors="0">
  <testcase name="SignIn" time="1.879" classname="LaunchApplication.LaunchGoogle"/>
</testsuite> <!-- LaunchApplication.LaunchGoogle -->
