<?xml version="1.0" encoding="UTF-8"?>
<!-- Generated by org.testng.reporters.JUnitReportReporter -->
<testsuite hostname="LAPTOP-2KLQ54N0" name="com.AccessCrossBrowser.CrossBrowser" tests="3" failures="0" timestamp="24 Oct 2018 21:25:02 GMT" time="136.377" errors="0">
  <testcase name="EdgeBrowser" time="125.570" classname="com.AccessCrossBrowser.CrossBrowser"/>
  <testcase name="GoogleChrome" time="5.145" classname="com.AccessCrossBrowser.CrossBrowser"/>
  <testcase name="FirefoxDriver1" time="5.662" classname="com.AccessCrossBrowser.CrossBrowser"/>
</testsuite> <!-- com.AccessCrossBrowser.CrossBrowser -->
